<?xml version="1.0" encoding="UTF-8"?>
<testng-results skipped="0" failed="0" total="1" passed="1">
  <reporter-output>
  </reporter-output>
  <suite name="Default suite" duration-ms="1287" started-at="2020-06-04T14:21:29Z" finished-at="2020-06-04T14:21:30Z">
    <groups>
    </groups>
    <test name="Default test" duration-ms="1287" started-at="2020-06-04T14:21:29Z" finished-at="2020-06-04T14:21:30Z">
      <class name="excel.ReadData">
        <test-method status="PASS" signature="readData()[pri:0, instance:excel.ReadData@23ceabc1]" name="readData" duration-ms="1269" started-at="2020-06-04T10:21:29Z" finished-at="2020-06-04T10:21:30Z">
          <reporter-output>
          </reporter-output>
        </test-method> <!-- readData -->
      </class> <!-- excel.ReadData -->
    </test> <!-- Default test -->
  </suite> <!-- Default suite -->
</testng-results>
